Performing C++ SOURCE FILE Test CMAKE_HAVE_LIBC_PTHREAD failed with the following output:
Change Dir: /home/anshul18219/Documents/ShallowWaterEquations/debug/CMakeFiles/CMakeTmp

Run Build Command(s):/usr/bin/make -f Makefile cmTC_293c6/fast && /usr/bin/make  -f CMakeFiles/cmTC_293c6.dir/build.make CMakeFiles/cmTC_293c6.dir/build
make[1]: Entering directory '/home/anshul18219/Documents/ShallowWaterEquations/debug/CMakeFiles/CMakeTmp'
Building CXX object CMakeFiles/cmTC_293c6.dir/src.cxx.o
/usr/bin/c++ -DCMAKE_HAVE_LIBC_PTHREAD   -o CMakeFiles/cmTC_293c6.dir/src.cxx.o -c /home/anshul18219/Documents/ShallowWaterEquations/debug/CMakeFiles/CMakeTmp/src.cxx
Linking CXX executable cmTC_293c6
/home/anshul18219/bin/cmake -E cmake_link_script CMakeFiles/cmTC_293c6.dir/link.txt --verbose=1
/usr/bin/c++ CMakeFiles/cmTC_293c6.dir/src.cxx.o -o cmTC_293c6 
CMakeFiles/cmTC_293c6.dir/src.cxx.o: In function `main':
src.cxx:(.text+0x3e): undefined reference to `pthread_create'
src.cxx:(.text+0x4a): undefined reference to `pthread_detach'
src.cxx:(.text+0x56): undefined reference to `pthread_cancel'
src.cxx:(.text+0x67): undefined reference to `pthread_join'
src.cxx:(.text+0x7b): undefined reference to `pthread_atfork'
collect2: error: ld returned 1 exit status
CMakeFiles/cmTC_293c6.dir/build.make:98: recipe for target 'cmTC_293c6' failed
make[1]: *** [cmTC_293c6] Error 1
make[1]: Leaving directory '/home/anshul18219/Documents/ShallowWaterEquations/debug/CMakeFiles/CMakeTmp'
Makefile:127: recipe for target 'cmTC_293c6/fast' failed
make: *** [cmTC_293c6/fast] Error 2


Source file was:
#include <pthread.h>

static void* test_func(void* data)
{
  return data;
}

int main(void)
{
  pthread_t thread;
  pthread_create(&thread, NULL, test_func, NULL);
  pthread_detach(thread);
  pthread_cancel(thread);
  pthread_join(thread, NULL);
  pthread_atfork(NULL, NULL, NULL);
  pthread_exit(NULL);

  return 0;
}

Determining if the function pthread_create exists in the pthreads failed with the following output:
Change Dir: /home/anshul18219/Documents/ShallowWaterEquations/debug/CMakeFiles/CMakeTmp

Run Build Command(s):/usr/bin/make -f Makefile cmTC_1d7ba/fast && /usr/bin/make  -f CMakeFiles/cmTC_1d7ba.dir/build.make CMakeFiles/cmTC_1d7ba.dir/build
make[1]: Entering directory '/home/anshul18219/Documents/ShallowWaterEquations/debug/CMakeFiles/CMakeTmp'
Building CXX object CMakeFiles/cmTC_1d7ba.dir/CheckFunctionExists.cxx.o
/usr/bin/c++   -DCHECK_FUNCTION_EXISTS=pthread_create -o CMakeFiles/cmTC_1d7ba.dir/CheckFunctionExists.cxx.o -c /home/anshul18219/Documents/ShallowWaterEquations/debug/CMakeFiles/CheckLibraryExists/CheckFunctionExists.cxx
Linking CXX executable cmTC_1d7ba
/home/anshul18219/bin/cmake -E cmake_link_script CMakeFiles/cmTC_1d7ba.dir/link.txt --verbose=1
/usr/bin/c++  -DCHECK_FUNCTION_EXISTS=pthread_create CMakeFiles/cmTC_1d7ba.dir/CheckFunctionExists.cxx.o -o cmTC_1d7ba  -lpthreads 
/usr/bin/ld: cannot find -lpthreads
collect2: error: ld returned 1 exit status
CMakeFiles/cmTC_1d7ba.dir/build.make:98: recipe for target 'cmTC_1d7ba' failed
make[1]: *** [cmTC_1d7ba] Error 1
make[1]: Leaving directory '/home/anshul18219/Documents/ShallowWaterEquations/debug/CMakeFiles/CMakeTmp'
Makefile:127: recipe for target 'cmTC_1d7ba/fast' failed
make: *** [cmTC_1d7ba/fast] Error 2



